<?xml version="1.0" encoding="UTF-8"?>
<beans xmlns="http://www.springframework.org/schema/beans"
	xmlns:xsi="http://www.w3.org/2001/XMLSchema-instance" xmlns:p="http://www.springframework.org/schema/p"
	xmlns:c="http://www.springframework.org/schema/c" xmlns:context="http://www.springframework.org/schema/context"
	xmlns:jee="http://www.springframework.org/schema/jee"
	xsi:schemaLocation="http://www.springframework.org/schema/beans 
	 	  			       http://www.springframework.org/schema/beans/spring-beans.xsd
	 				       http://www.springframework.org/schema/context
	 				       http://www.springframework.org/schema/context/spring-context.xsd
	 				       http://www.springframework.org/schema/jee
	 				       http://www.springframework.org/schema/jee/spring-jee.xsd
	 				       ">

	<!-- <bean id="realConnectionMaker" class="springbook.user.dao.DConnectionMaker" /> -->
	<bean id="dataSource" class="org.springframework.jdbc.datasource.SimpleDriverDataSource">
		<property name="driverClass" value="com.mysql.jdbc.Driver" />
		<property name="url" value="jdbc:mysql://localhost/testdb?characterEncoding=UTF-8" />
		<property name="username" value="spring" />
		<property name="password" value="book" />	
	</bean>

	<bean id="countconntionMaker" class="springbook.user.dao.CountConnectionMaker">
		<property name="countConnectionMaker" ref="dataSource"/>
	</bean>

	<bean id="userDao" class="springbook.user.dao.UserDao">
		<property name="connectionMaker" ref="countconntionMaker" />
	</bean>
</beans>	 				       